<?xml version="1.0" encoding="UTF-8"?>
<testsuite xmlns:xsi="http://www.w3.org/2001/XMLSchema-instance" xsi:noNamespaceSchemaLocation="https://maven.apache.org/surefire/maven-surefire-plugin/xsd/surefire-test-report.xsd" name="mx.gob.imss.EnvioCorreosApplicationTests" time="12.313" tests="1" errors="1" skipped="0" failures="0">
  <properties>
[...]
</properties>
  <testcase name="contextLoads" classname="mx.gob.imss.EnvioCorreosApplicationTests" time="7.229">
    <error type="java.lang.StackOverflowError">java.lang.StackOverflowError
</error>
    <system-out><![CDATA[16:18:14.526 [main] DEBUG org.springframework.test.context.BootstrapUtils - Instantiating CacheAwareContextLoaderDelegate from class [org.springframework.test.context.cache.DefaultCacheAwareContextLoaderDelegate]
16:18:14.540 [main] DEBUG org.springframework.test.context.BootstrapUtils - Instantiating BootstrapContext using constructor [public org.springframework.test.context.support.DefaultBootstrapContext(java.lang.Class,org.springframework.test.context.CacheAwareContextLoaderDelegate)]
16:18:14.581 [main] DEBUG org.springframework.test.context.BootstrapUtils - Instantiating TestContextBootstrapper for test class [mx.gob.imss.EnvioCorreosApplicationTests] from class [org.springframework.boot.test.context.SpringBootTestContextBootstrapper]
16:18:14.597 [main] INFO org.springframework.boot.test.context.SpringBootTestContextBootstrapper - Neither @ContextConfiguration nor @ContextHierarchy found for test class [mx.gob.imss.EnvioCorreosApplicationTests], using SpringBootContextLoader
16:18:14.602 [main] DEBUG org.springframework.test.context.support.AbstractContextLoader - Did not detect default resource location for test class [mx.gob.imss.EnvioCorreosApplicationTests]: class path resource [mx/gob/imss/EnvioCorreosApplicationTests-context.xml] does not exist
16:18:14.602 [main] DEBUG org.springframework.test.context.support.AbstractContextLoader - Did not detect default resource location for test class [mx.gob.imss.EnvioCorreosApplicationTests]: class path resource [mx/gob/imss/EnvioCorreosApplicationTestsContext.groovy] does not exist
16:18:14.602 [main] INFO org.springframework.test.context.support.AbstractContextLoader - Could not detect default resource locations for test class [mx.gob.imss.EnvioCorreosApplicationTests]: no resource found for suffixes {-context.xml, Context.groovy}.
16:18:14.603 [main] INFO org.springframework.test.context.support.AnnotationConfigContextLoaderUtils - Could not detect default configuration classes for test class [mx.gob.imss.EnvioCorreosApplicationTests]: EnvioCorreosApplicationTests does not declare any static, non-private, non-final, nested classes annotated with @Configuration.
16:18:14.660 [main] DEBUG org.springframework.test.context.support.ActiveProfilesUtils - Could not find an 'annotation declaring class' for annotation type [org.springframework.test.context.ActiveProfiles] and class [mx.gob.imss.EnvioCorreosApplicationTests]
16:18:14.751 [main] DEBUG org.springframework.context.annotation.ClassPathScanningCandidateComponentProvider - Identified candidate component class: file [C:\Users\eoflores\Documents\SIVIMSS\proyectos\mssivimss-correos\target\classes\mx\gob\imss\EnvioCorreosApplication.class]
16:18:14.759 [main] INFO org.springframework.boot.test.context.SpringBootTestContextBootstrapper - Found @SpringBootConfiguration mx.gob.imss.EnvioCorreosApplication for test class mx.gob.imss.EnvioCorreosApplicationTests
16:18:14.880 [main] DEBUG org.springframework.boot.test.context.SpringBootTestContextBootstrapper - @TestExecutionListeners is not present for class [mx.gob.imss.EnvioCorreosApplicationTests]: using defaults.
16:18:14.880 [main] INFO org.springframework.boot.test.context.SpringBootTestContextBootstrapper - Loaded default TestExecutionListener class names from location [META-INF/spring.factories]: [org.springframework.boot.test.mock.mockito.MockitoTestExecutionListener, org.springframework.boot.test.mock.mockito.ResetMocksTestExecutionListener, org.springframework.boot.test.autoconfigure.restdocs.RestDocsTestExecutionListener, org.springframework.boot.test.autoconfigure.web.client.MockRestServiceServerResetTestExecutionListener, org.springframework.boot.test.autoconfigure.web.servlet.MockMvcPrintOnlyOnFailureTestExecutionListener, org.springframework.boot.test.autoconfigure.web.servlet.WebDriverTestExecutionListener, org.springframework.boot.test.autoconfigure.webservices.client.MockWebServiceServerTestExecutionListener, org.springframework.test.context.web.ServletTestExecutionListener, org.springframework.test.context.support.DirtiesContextBeforeModesTestExecutionListener, org.springframework.test.context.event.ApplicationEventsTestExecutionListener, org.springframework.test.context.support.DependencyInjectionTestExecutionListener, org.springframework.test.context.support.DirtiesContextTestExecutionListener, org.springframework.test.context.transaction.TransactionalTestExecutionListener, org.springframework.test.context.jdbc.SqlScriptsTestExecutionListener, org.springframework.test.context.event.EventPublishingTestExecutionListener]
16:18:14.898 [main] DEBUG org.springframework.boot.test.context.SpringBootTestContextBootstrapper - Skipping candidate TestExecutionListener [org.springframework.test.context.transaction.TransactionalTestExecutionListener] due to a missing dependency. Specify custom listener classes or make the default listener classes and their required dependencies available. Offending class: [org/springframework/transaction/interceptor/TransactionAttributeSource]
16:18:14.898 [main] DEBUG org.springframework.boot.test.context.SpringBootTestContextBootstrapper - Skipping candidate TestExecutionListener [org.springframework.test.context.jdbc.SqlScriptsTestExecutionListener] due to a missing dependency. Specify custom listener classes or make the default listener classes and their required dependencies available. Offending class: [org/springframework/transaction/interceptor/TransactionAttribute]
16:18:14.899 [main] INFO org.springframework.boot.test.context.SpringBootTestContextBootstrapper - Using TestExecutionListeners: [org.springframework.test.context.web.ServletTestExecutionListener@7161d8d1, org.springframework.test.context.support.DirtiesContextBeforeModesTestExecutionListener@74e28667, org.springframework.test.context.event.ApplicationEventsTestExecutionListener@1cf6d1be, org.springframework.boot.test.mock.mockito.MockitoTestExecutionListener@663c9e7a, org.springframework.boot.test.autoconfigure.SpringBootDependencyInjectionTestExecutionListener@19e4653c, org.springframework.test.context.support.DirtiesContextTestExecutionListener@795509d9, org.springframework.test.context.event.EventPublishingTestExecutionListener@53045c6c, org.springframework.boot.test.mock.mockito.ResetMocksTestExecutionListener@5149d738, org.springframework.boot.test.autoconfigure.restdocs.RestDocsTestExecutionListener@6bbe85a8, org.springframework.boot.test.autoconfigure.web.client.MockRestServiceServerResetTestExecutionListener@3a7442c7, org.springframework.boot.test.autoconfigure.web.servlet.MockMvcPrintOnlyOnFailureTestExecutionListener@4be29ed9, org.springframework.boot.test.autoconfigure.web.servlet.WebDriverTestExecutionListener@548d708a, org.springframework.boot.test.autoconfigure.webservices.client.MockWebServiceServerTestExecutionListener@4b013c76]
16:18:14.904 [main] DEBUG org.springframework.test.context.support.AbstractDirtiesContextTestExecutionListener - Before test class: context [DefaultTestContext@28261e8e testClass = EnvioCorreosApplicationTests, testInstance = [null], testMethod = [null], testException = [null], mergedContextConfiguration = [WebMergedContextConfiguration@d737b89 testClass = EnvioCorreosApplicationTests, locations = '{}', classes = '{class mx.gob.imss.EnvioCorreosApplication}', contextInitializerClasses = '[]', activeProfiles = '{}', propertySourceLocations = '{}', propertySourceProperties = '{org.springframework.boot.test.context.SpringBootTestContextBootstrapper=true}', contextCustomizers = set[org.springframework.boot.test.context.filter.ExcludeFilterContextCustomizer@f5ac9e4, org.springframework.boot.test.json.DuplicateJsonObjectContextCustomizerFactory$DuplicateJsonObjectContextCustomizer@384ad17b, org.springframework.boot.test.mock.mockito.MockitoContextCustomizer@0, org.springframework.boot.test.web.client.TestRestTemplateContextCustomizer@694abbdc, org.springframework.boot.test.autoconfigure.actuate.metrics.MetricsExportContextCustomizerFactory$DisableMetricExportContextCustomizer@1fa268de, org.springframework.boot.test.autoconfigure.properties.PropertyMappingContextCustomizer@0, org.springframework.boot.test.autoconfigure.web.servlet.WebDriverContextCustomizerFactory$Customizer@6c64cb25, org.springframework.boot.test.context.SpringBootTestArgs@1, org.springframework.boot.test.context.SpringBootTestWebEnvironment@735b5592], resourceBasePath = 'src/main/webapp', contextLoader = 'org.springframework.boot.test.context.SpringBootContextLoader', parent = [null]], attributes = map['org.springframework.test.context.web.ServletTestExecutionListener.activateListener' -> true]], class annotated with @DirtiesContext [false] with mode [null].

  .   ____          _            __ _ _
 /\\ / ___'_ __ _ _(_)_ __  __ _ \ \ \ \
( ( )\___ | '_ | '_| | '_ \/ _` | \ \ \ \
 \\/  ___)| |_)| | | | | || (_| |  ) ) ) )
  '  |____| .__|_| |_|_| |_\__, | / / / /
 =========|_|==============|___/=/_/_/_/
 :: Spring Boot ::                (v2.6.7)

2023-03-29 16:18:15.321  INFO 11480 --- [           main] m.gob.imss.EnvioCorreosApplicationTests  : Starting EnvioCorreosApplicationTests using Java 1.8.0_331 on PL-735 with PID 11480 (started by eoflores in C:\Users\eoflores\Documents\SIVIMSS\proyectos\mssivimss-correos)
2023-03-29 16:18:15.322  INFO 11480 --- [           main] m.gob.imss.EnvioCorreosApplicationTests  : No active profile set, falling back to 1 default profile: "default"
2023-03-29 16:18:18.196  INFO 11480 --- [           main] o.s.s.web.DefaultSecurityFilterChain     : Will secure any request with [org.springframework.security.web.context.request.async.WebAsyncManagerIntegrationFilter@30814f43, org.springframework.security.web.context.SecurityContextPersistenceFilter@149f5761, org.springframework.security.web.header.HeaderWriterFilter@5a67e962, org.springframework.security.web.authentication.logout.LogoutFilter@7ad54c55, mx.gob.imss.security.jwt.AuthTokenFilter@1fde4f40, org.springframework.security.web.savedrequest.RequestCacheAwareFilter@1f193686, org.springframework.security.web.servletapi.SecurityContextHolderAwareRequestFilter@5fad41be, org.springframework.security.web.authentication.AnonymousAuthenticationFilter@49cf9028, org.springframework.security.web.session.SessionManagementFilter@29c2c826, org.springframework.security.web.access.ExceptionTranslationFilter@1be59f28, org.springframework.security.web.access.intercept.FilterSecurityInterceptor@345cf395]
2023-03-29 16:18:19.504  INFO 11480 --- [           main] m.gob.imss.EnvioCorreosApplicationTests  : Started EnvioCorreosApplicationTests in 4.555 seconds (JVM running for 5.824)
]]></system-out>
  </testcase>
</testsuite>